# JRE version: OpenJDK Runtime Environment (11.0.9.1+1) (build 11.0.9.1+1-Ubuntu-0ubuntu1.18.04)
# Java VM: OpenJDK 64-Bit Server VM (11.0.9.1+1-Ubuntu-0ubuntu1.18.04, mixed mode, sharing, tiered, compressed oops, g1 gc, linux-amd64)
Heap:
 garbage-first heap   total 54272K, used 48191K [0x00000000e0000000, 0x0000000100000000)
  region size 1024K, 2 young (2048K), 1 survivors (1024K)
 Metaspace       used 9282K, capacity 9636K, committed 9856K, reserved 1058816K
  class space    used 957K, capacity 1091K, committed 1152K, reserved 1048576K
GC Heap History (14 events):
Event: 83.494 GC heap before
{Heap before GC invocations=0 (full 0):
 garbage-first heap   total 524288K, used 21192K [0x00000000e0000000, 0x0000000100000000)
  region size 1024K, 21 young (21504K), 0 survivors (0K)
 Metaspace       used 8992K, capacity 9379K, committed 9600K, reserved 1058816K
  class space    used 953K, capacity 1091K, committed 1152K, reserved 1048576K
}
Event: 83.526 GC heap after
{Heap after GC invocations=1 (full 1):
 garbage-first heap   total 48128K, used 4652K [0x00000000e0000000, 0x0000000100000000)
  region size 1024K, 0 young (0K), 0 survivors (0K)
 Metaspace       used 8992K, capacity 9379K, committed 9600K, reserved 1058816K
  class space    used 953K, capacity 1091K, committed 1152K, reserved 1048576K
}
Event: 83.528 GC heap before
{Heap before GC invocations=1 (full 1):
 garbage-first heap   total 48128K, used 4652K [0x00000000e0000000, 0x0000000100000000)
  region size 1024K, 1 young (1024K), 0 survivors (0K)
 Metaspace       used 8993K, capacity 9379K, committed 9600K, reserved 1058816K
  class space    used 953K, capacity 1091K, committed 1152K, reserved 1048576K
}
Event: 83.529 GC heap after
{Heap after GC invocations=2 (full 1):
 garbage-first heap   total 48128K, used 4671K [0x00000000e0000000, 0x0000000100000000)
  region size 1024K, 1 young (1024K), 1 survivors (1024K)
 Metaspace       used 8993K, capacity 9379K, committed 9600K, reserved 1058816K
  class space    used 953K, capacity 1091K, committed 1152K, reserved 1048576K
}
Event: 86.058 GC heap before
{Heap before GC invocations=3 (full 1):
 garbage-first heap   total 100352K, used 59967K [0x00000000e0000000, 0x0000000100000000)
  region size 1024K, 5 young (5120K), 1 survivors (1024K)
 Metaspace       used 9049K, capacity 9379K, committed 9600K, reserved 1058816K
  class space    used 954K, capacity 1091K, committed 1152K, reserved 1048576K
}
Event: 86.087 GC heap after
{Heap after GC invocations=4 (full 2):
 garbage-first heap   total 20480K, used 4028K [0x00000000e0000000, 0x0000000100000000)
  region size 1024K, 0 young (0K), 0 survivors (0K)
 Metaspace       used 9049K, capacity 9379K, committed 9600K, reserved 1058816K
  class space    used 954K, capacity 1091K, committed 1152K, reserved 1048576K
}
Event: 86.088 GC heap before
{Heap before GC invocations=4 (full 2):
 garbage-first heap   total 20480K, used 4028K [0x00000000e0000000, 0x0000000100000000)
  region size 1024K, 1 young (1024K), 0 survivors (0K)
 Metaspace       used 9049K, capacity 9379K, committed 9600K, reserved 1058816K
  class space    used 954K, capacity 1091K, committed 1152K, reserved 1048576K
}
Event: 86.089 GC heap after
{Heap after GC invocations=5 (full 2):
 garbage-first heap   total 20480K, used 4030K [0x00000000e0000000, 0x0000000100000000)
  region size 1024K, 1 young (1024K), 1 survivors (1024K)
 Metaspace       used 9049K, capacity 9379K, committed 9600K, reserved 1058816K
  class space    used 954K, capacity 1091K, committed 1152K, reserved 1048576K
}
Event: 86.119 GC heap before
{Heap before GC invocations=6 (full 2):
 garbage-first heap   total 38912K, used 32702K [0x00000000e0000000, 0x0000000100000000)
  region size 1024K, 1 young (1024K), 1 survivors (1024K)
 Metaspace       used 9049K, capacity 9379K, committed 9600K, reserved 1058816K
  class space    used 954K, capacity 1091K, committed 1152K, reserved 1048576K
}
Event: 86.120 GC heap after
{Heap after GC invocations=7 (full 2):
 garbage-first heap   total 38912K, used 32702K [0x00000000e0000000, 0x0000000100000000)
  region size 1024K, 1 young (1024K), 1 survivors (1024K)
 Metaspace       used 9049K, capacity 9379K, committed 9600K, reserved 1058816K
  class space    used 954K, capacity 1091K, committed 1152K, reserved 1048576K
}
Event: 86.228 GC heap before
{Heap before GC invocations=8 (full 2):
 garbage-first heap   total 54272K, used 49086K [0x00000000e0000000, 0x0000000100000000)
  region size 1024K, 2 young (2048K), 1 survivors (1024K)
 Metaspace       used 9282K, capacity 9636K, committed 9856K, reserved 1058816K
  class space    used 957K, capacity 1091K, committed 1152K, reserved 1048576K
}
Event: 86.229 GC heap after
{Heap after GC invocations=9 (full 2):
 garbage-first heap   total 54272K, used 48126K [0x00000000e0000000, 0x0000000100000000)
  region size 1024K, 1 young (1024K), 1 survivors (1024K)
 Metaspace       used 9282K, capacity 9636K, committed 9856K, reserved 1058816K
  class space    used 957K, capacity 1091K, committed 1152K, reserved 1048576K
}
Event: 86.253 GC heap before
{Heap before GC invocations=9 (full 2):
 garbage-first heap   total 54272K, used 49150K [0x00000000e0000000, 0x0000000100000000)
  region size 1024K, 2 young (2048K), 1 survivors (1024K)
 Metaspace       used 9282K, capacity 9636K, committed 9856K, reserved 1058816K
  class space    used 957K, capacity 1091K, committed 1152K, reserved 1048576K
}
Event: 86.255 GC heap after
{Heap after GC invocations=10 (full 2):
 garbage-first heap   total 54272K, used 48191K [0x00000000e0000000, 0x0000000100000000)
  region size 1024K, 1 young (1024K), 1 survivors (1024K)
 Metaspace       used 9282K, capacity 9636K, committed 9856K, reserved 1058816K
  class space    used 957K, capacity 1091K, committed 1152K, reserved 1048576K
}

